<?xml version="1.0" encoding="UTF-8" ?>
<testsuites>
<testsuite name="A suite" errors="0" tests="1" failures="0" time="0.002" timestamp="2019-08-14T12:30:17">
  <testcase classname="A suite" name="contains spec with an expectation" time="0.002"></testcase>
</testsuite>
</testsuites>